
> vk-project@0.1.0 start
> react-scripts start

(node:2965) [DEP_WEBPACK_DEV_SERVER_ON_AFTER_SETUP_MIDDLEWARE] DeprecationWarning: 'onAfterSetupMiddleware' option is deprecated. Please use the 'setupMiddlewares' option.
(Use `node --trace-deprecation ...` to show where the warning was created)
(node:2965) [DEP_WEBPACK_DEV_SERVER_ON_BEFORE_SETUP_MIDDLEWARE] DeprecationWarning: 'onBeforeSetupMiddleware' option is deprecated. Please use the 'setupMiddlewares' option.
Starting the development server...

Compiled successfully!

You can now view vk-project in the browser.

  http://localhost:3000

Note that the development build is not optimized.
To create a production build, use npm run build.

webpack compiled successfully
Compiled with warnings.

[eslint] 
src/App.js
  Line 38:15:  The ref value 'gameRef.current' will likely have changed by the time this effect cleanup function runs. If this ref points to a node rendered by React, copy 'gameRef.current' to a variable inside the effect, and use that variable in the cleanup function  react-hooks/exhaustive-deps

Search for the keywords to learn more about each warning.
To ignore, add // eslint-disable-next-line to the line before.

WARNING in [eslint] 
src/App.js
  Line 38:15:  The ref value 'gameRef.current' will likely have changed by the time this effect cleanup function runs. If this ref points to a node rendered by React, copy 'gameRef.current' to a variable inside the effect, and use that variable in the cleanup function  react-hooks/exhaustive-deps

webpack compiled with 1 warning
Compiling...
Compiled with warnings.

[eslint] 
src/App.js
  Line 38:15:  The ref value 'gameRef.current' will likely have changed by the time this effect cleanup function runs. If this ref points to a node rendered by React, copy 'gameRef.current' to a variable inside the effect, and use that variable in the cleanup function  react-hooks/exhaustive-deps

Search for the keywords to learn more about each warning.
To ignore, add // eslint-disable-next-line to the line before.

WARNING in [eslint] 
src/App.js
  Line 38:15:  The ref value 'gameRef.current' will likely have changed by the time this effect cleanup function runs. If this ref points to a node rendered by React, copy 'gameRef.current' to a variable inside the effect, and use that variable in the cleanup function  react-hooks/exhaustive-deps

webpack compiled with 1 warning
Compiled with warnings.

[eslint] 
src/App.js
  Line 38:15:  The ref value 'gameRef.current' will likely have changed by the time this effect cleanup function runs. If this ref points to a node rendered by React, copy 'gameRef.current' to a variable inside the effect, and use that variable in the cleanup function  react-hooks/exhaustive-deps

Search for the keywords to learn more about each warning.
To ignore, add // eslint-disable-next-line to the line before.

WARNING in [eslint] 
src/App.js
  Line 38:15:  The ref value 'gameRef.current' will likely have changed by the time this effect cleanup function runs. If this ref points to a node rendered by React, copy 'gameRef.current' to a variable inside the effect, and use that variable in the cleanup function  react-hooks/exhaustive-deps

webpack compiled with 1 warning
Compiling...
Compiled with warnings.

[eslint] 
src/App.js
  Line 38:15:  The ref value 'gameRef.current' will likely have changed by the time this effect cleanup function runs. If this ref points to a node rendered by React, copy 'gameRef.current' to a variable inside the effect, and use that variable in the cleanup function  react-hooks/exhaustive-deps

Search for the keywords to learn more about each warning.
To ignore, add // eslint-disable-next-line to the line before.

WARNING in [eslint] 
src/App.js
  Line 38:15:  The ref value 'gameRef.current' will likely have changed by the time this effect cleanup function runs. If this ref points to a node rendered by React, copy 'gameRef.current' to a variable inside the effect, and use that variable in the cleanup function  react-hooks/exhaustive-deps

webpack compiled with 1 warning
Compiled successfully!
webpack compiled successfully
Compiling...
Compiled successfully!
webpack compiled successfully
